# JRE version: Java(TM) SE Runtime Environment (8.0_05-b13) (build 1.8.0_05-b13)
# Java VM: Java HotSpot(TM) 64-Bit Server VM (25.5-b02 mixed mode linux-amd64 compressed oops)
Heap:
 PSYoungGen      total 5632K, used 3224K [0x00000000ec400000, 0x00000000ecb00000, 0x0000000100000000)
  eden space 4096K, 57% used [0x00000000ec400000,0x00000000ec64e170,0x00000000ec800000)
  from space 1536K, 56% used [0x00000000ec980000,0x00000000eca58020,0x00000000ecb00000)
  to   space 1536K, 0% used [0x00000000ec800000,0x00000000ec800000,0x00000000ec980000)
 ParOldGen       total 59904K, used 1108K [0x00000000c4c00000, 0x00000000c8680000, 0x00000000ec400000)
  object space 59904K, 1% used [0x00000000c4c00000,0x00000000c4d15340,0x00000000c8680000)
 Metaspace       used 6415K, capacity 6576K, committed 6784K, reserved 1056768K
  class space    used 775K, capacity 788K, committed 896K, reserved 1048576K
GC Heap History (10 events):
Event: 0,537 GC heap before
{Heap before GC invocations=2 (full 0):
 PSYoungGen      total 1024K, used 892K [0x00000000ec400000, 0x00000000ec600000, 0x0000000100000000)
  eden space 512K, 99% used [0x00000000ec400000,0x00000000ec47f3d0,0x00000000ec480000)
  from space 512K, 75% used [0x00000000ec480000,0x00000000ec4e0020,0x00000000ec500000)
  to   space 512K, 0% used [0x00000000ec580000,0x00000000ec580000,0x00000000ec600000)
 ParOldGen       total 59904K, used 0K [0x00000000c4c00000, 0x00000000c8680000, 0x00000000ec400000)
  object space 59904K, 0% used [0x00000000c4c00000,0x00000000c4c00000,0x00000000c8680000)
 Metaspace       used 2647K, capacity 4480K, committed 4480K, reserved 1056768K
  class space    used 291K, capacity 384K, committed 384K, reserved 1048576K
Event: 0,567 GC heap after
Heap after GC invocations=2 (full 0):
 PSYoungGen      total 1536K, used 496K [0x00000000ec400000, 0x00000000ec600000, 0x0000000100000000)
  eden space 1024K, 0% used [0x00000000ec400000,0x00000000ec400000,0x00000000ec500000)
  from space 512K, 96% used [0x00000000ec580000,0x00000000ec5fc010,0x00000000ec600000)
  to   space 512K, 0% used [0x00000000ec500000,0x00000000ec500000,0x00000000ec580000)
 ParOldGen       total 59904K, used 110K [0x00000000c4c00000, 0x00000000c8680000, 0x00000000ec400000)
  object space 59904K, 0% used [0x00000000c4c00000,0x00000000c4c1b828,0x00000000c8680000)
 Metaspace       used 2647K, capacity 4480K, committed 4480K, reserved 1056768K
  class space    used 291K, capacity 384K, committed 384K, reserved 1048576K
}
Event: 0,670 GC heap before
{Heap before GC invocations=3 (full 0):
 PSYoungGen      total 1536K, used 1520K [0x00000000ec400000, 0x00000000ec600000, 0x0000000100000000)
  eden space 1024K, 100% used [0x00000000ec400000,0x00000000ec500000,0x00000000ec500000)
  from space 512K, 96% used [0x00000000ec580000,0x00000000ec5fc010,0x00000000ec600000)
  to   space 512K, 0% used [0x00000000ec500000,0x00000000ec500000,0x00000000ec580000)
 ParOldGen       total 59904K, used 110K [0x00000000c4c00000, 0x00000000c8680000, 0x00000000ec400000)
  object space 59904K, 0% used [0x00000000c4c00000,0x00000000c4c1b828,0x00000000c8680000)
 Metaspace       used 3056K, capacity 4588K, committed 4864K, reserved 1056768K
  class space    used 337K, capacity 424K, committed 512K, reserved 1048576K
Event: 0,694 GC heap after
Heap after GC invocations=3 (full 0):
 PSYoungGen      total 1536K, used 496K [0x00000000ec400000, 0x00000000ec700000, 0x0000000100000000)
  eden space 1024K, 0% used [0x00000000ec400000,0x00000000ec400000,0x00000000ec500000)
  from space 512K, 96% used [0x00000000ec500000,0x00000000ec57c010,0x00000000ec580000)
  to   space 512K, 0% used [0x00000000ec680000,0x00000000ec680000,0x00000000ec700000)
 ParOldGen       total 59904K, used 303K [0x00000000c4c00000, 0x00000000c8680000, 0x00000000ec400000)
  object space 59904K, 0% used [0x00000000c4c00000,0x00000000c4c4bd40,0x00000000c8680000)
 Metaspace       used 3056K, capacity 4588K, committed 4864K, reserved 1056768K
  class space    used 337K, capacity 424K, committed 512K, reserved 1048576K
}
Event: 0,899 GC heap before
{Heap before GC invocations=4 (full 0):
 PSYoungGen      total 1536K, used 1520K [0x00000000ec400000, 0x00000000ec700000, 0x0000000100000000)
  eden space 1024K, 100% used [0x00000000ec400000,0x00000000ec500000,0x00000000ec500000)
  from space 512K, 96% used [0x00000000ec500000,0x00000000ec57c010,0x00000000ec580000)
  to   space 512K, 0% used [0x00000000ec680000,0x00000000ec680000,0x00000000ec700000)
 ParOldGen       total 59904K, used 303K [0x00000000c4c00000, 0x00000000c8680000, 0x00000000ec400000)
  object space 59904K, 0% used [0x00000000c4c00000,0x00000000c4c4bd40,0x00000000c8680000)
 Metaspace       used 3563K, capacity 4780K, committed 5120K, reserved 1056768K
  class space    used 392K, capacity 424K, committed 512K, reserved 1048576K
Event: 0,913 GC heap after
Heap after GC invocations=4 (full 0):
 PSYoungGen      total 2560K, used 512K [0x00000000ec400000, 0x00000000ec700000, 0x0000000100000000)
  eden space 2048K, 0% used [0x00000000ec400000,0x00000000ec400000,0x00000000ec600000)
  from space 512K, 100% used [0x00000000ec680000,0x00000000ec700000,0x00000000ec700000)
  to   space 512K, 0% used [0x00000000ec600000,0x00000000ec600000,0x00000000ec680000)
 ParOldGen       total 59904K, used 523K [0x00000000c4c00000, 0x00000000c8680000, 0x00000000ec400000)
  object space 59904K, 0% used [0x00000000c4c00000,0x00000000c4c82d68,0x00000000c8680000)
 Metaspace       used 3563K, capacity 4780K, committed 5120K, reserved 1056768K
  class space    used 392K, capacity 424K, committed 512K, reserved 1048576K
}
Event: 1,195 GC heap before
{Heap before GC invocations=5 (full 0):
 PSYoungGen      total 2560K, used 2560K [0x00000000ec400000, 0x00000000ec700000, 0x0000000100000000)
  eden space 2048K, 100% used [0x00000000ec400000,0x00000000ec600000,0x00000000ec600000)
  from space 512K, 100% used [0x00000000ec680000,0x00000000ec700000,0x00000000ec700000)
  to   space 512K, 0% used [0x00000000ec600000,0x00000000ec600000,0x00000000ec680000)
 ParOldGen       total 59904K, used 523K [0x00000000c4c00000, 0x00000000c8680000, 0x00000000ec400000)
  object space 59904K, 0% used [0x00000000c4c00000,0x00000000c4c82d68,0x00000000c8680000)
 Metaspace       used 4907K, capacity 5140K, committed 5248K, reserved 1056768K
  class space    used 567K, capacity 592K, committed 640K, reserved 1048576K
Event: 1,228 GC heap after
Heap after GC invocations=5 (full 0):
 PSYoungGen      total 2560K, used 496K [0x00000000ec400000, 0x00000000ecb00000, 0x0000000100000000)
  eden space 2048K, 0% used [0x00000000ec400000,0x00000000ec400000,0x00000000ec600000)
  from space 512K, 96% used [0x00000000ec600000,0x00000000ec67c010,0x00000000ec680000)
  to   space 1536K, 0% used [0x00000000ec980000,0x00000000ec980000,0x00000000ecb00000)
 ParOldGen       total 59904K, used 1108K [0x00000000c4c00000, 0x00000000c8680000, 0x00000000ec400000)
  object space 59904K, 1% used [0x00000000c4c00000,0x00000000c4d15340,0x00000000c8680000)
 Metaspace       used 4907K, capacity 5140K, committed 5248K, reserved 1056768K
  class space    used 567K, capacity 592K, committed 640K, reserved 1048576K
}
Event: 1,396 GC heap before
{Heap before GC invocations=6 (full 0):
 PSYoungGen      total 2560K, used 2544K [0x00000000ec400000, 0x00000000ecb00000, 0x0000000100000000)
  eden space 2048K, 100% used [0x00000000ec400000,0x00000000ec600000,0x00000000ec600000)
  from space 512K, 96% used [0x00000000ec600000,0x00000000ec67c010,0x00000000ec680000)
  to   space 1536K, 0% used [0x00000000ec980000,0x00000000ec980000,0x00000000ecb00000)
 ParOldGen       total 59904K, used 1108K [0x00000000c4c00000, 0x00000000c8680000, 0x00000000ec400000)
  object space 59904K, 1% used [0x00000000c4c00000,0x00000000c4d15340,0x00000000c8680000)
 Metaspace       used 5313K, capacity 5492K, committed 5632K, reserved 1056768K
  class space    used 646K, capacity 688K, committed 768K, reserved 1048576K
Event: 1,411 GC heap after
Heap after GC invocations=6 (full 0):
 PSYoungGen      total 5632K, used 864K [0x00000000ec400000, 0x00000000ecb00000, 0x0000000100000000)
  eden space 4096K, 0% used [0x00000000ec400000,0x00000000ec400000,0x00000000ec800000)
  from space 1536K, 56% used [0x00000000ec980000,0x00000000eca58020,0x00000000ecb00000)
  to   space 1536K, 0% used [0x00000000ec800000,0x00000000ec800000,0x00000000ec980000)
 ParOldGen       total 59904K, used 1108K [0x00000000c4c00000, 0x00000000c8680000, 0x00000000ec400000)
  object space 59904K, 1% used [0x00000000c4c00000,0x00000000c4d15340,0x00000000c8680000)
 Metaspace       used 5313K, capacity 5492K, committed 5632K, reserved 1056768K
  class space    used 646K, capacity 688K, committed 768K, reserved 1048576K
}

