# JRE version: Java(TM) SE Runtime Environment (8.0_05-b13) (build 1.8.0_05-b13)
# Java VM: Java HotSpot(TM) 64-Bit Server VM (25.5-b02 mixed mode linux-amd64 compressed oops)
Heap:
 PSYoungGen      total 5632K, used 3257K [0x00000000ec400000, 0x00000000ecb00000, 0x0000000100000000)
  eden space 4096K, 58% used [0x00000000ec400000,0x00000000ec6526a8,0x00000000ec800000)
  from space 1536K, 57% used [0x00000000ec980000,0x00000000eca5c010,0x00000000ecb00000)
  to   space 1536K, 0% used [0x00000000ec800000,0x00000000ec800000,0x00000000ec980000)
 ParOldGen       total 59904K, used 1162K [0x00000000c4c00000, 0x00000000c8680000, 0x00000000ec400000)
  object space 59904K, 1% used [0x00000000c4c00000,0x00000000c4d22bc8,0x00000000c8680000)
 Metaspace       used 6408K, capacity 6576K, committed 6784K, reserved 1056768K
  class space    used 775K, capacity 788K, committed 896K, reserved 1048576K
GC Heap History (10 events):
Event: 0,577 GC heap before
{Heap before GC invocations=2 (full 0):
 PSYoungGen      total 1024K, used 957K [0x00000000ec400000, 0x00000000ec600000, 0x0000000100000000)
  eden space 512K, 99% used [0x00000000ec400000,0x00000000ec47f648,0x00000000ec480000)
  from space 512K, 87% used [0x00000000ec480000,0x00000000ec4f0020,0x00000000ec500000)
  to   space 512K, 0% used [0x00000000ec580000,0x00000000ec580000,0x00000000ec600000)
 ParOldGen       total 59904K, used 8K [0x00000000c4c00000, 0x00000000c8680000, 0x00000000ec400000)
  object space 59904K, 0% used [0x00000000c4c00000,0x00000000c4c02000,0x00000000c8680000)
 Metaspace       used 2644K, capacity 4480K, committed 4480K, reserved 1056768K
  class space    used 291K, capacity 384K, committed 384K, reserved 1048576K
Event: 0,595 GC heap after
Heap after GC invocations=2 (full 0):
 PSYoungGen      total 1536K, used 496K [0x00000000ec400000, 0x00000000ec600000, 0x0000000100000000)
  eden space 1024K, 0% used [0x00000000ec400000,0x00000000ec400000,0x00000000ec500000)
  from space 512K, 96% used [0x00000000ec580000,0x00000000ec5fc010,0x00000000ec600000)
  to   space 512K, 0% used [0x00000000ec500000,0x00000000ec500000,0x00000000ec580000)
 ParOldGen       total 59904K, used 129K [0x00000000c4c00000, 0x00000000c8680000, 0x00000000ec400000)
  object space 59904K, 0% used [0x00000000c4c00000,0x00000000c4c20630,0x00000000c8680000)
 Metaspace       used 2644K, capacity 4480K, committed 4480K, reserved 1056768K
  class space    used 291K, capacity 384K, committed 384K, reserved 1048576K
}
Event: 0,715 GC heap before
{Heap before GC invocations=3 (full 0):
 PSYoungGen      total 1536K, used 1520K [0x00000000ec400000, 0x00000000ec600000, 0x0000000100000000)
  eden space 1024K, 100% used [0x00000000ec400000,0x00000000ec500000,0x00000000ec500000)
  from space 512K, 96% used [0x00000000ec580000,0x00000000ec5fc010,0x00000000ec600000)
  to   space 512K, 0% used [0x00000000ec500000,0x00000000ec500000,0x00000000ec580000)
 ParOldGen       total 59904K, used 129K [0x00000000c4c00000, 0x00000000c8680000, 0x00000000ec400000)
  object space 59904K, 0% used [0x00000000c4c00000,0x00000000c4c20630,0x00000000c8680000)
 Metaspace       used 3059K, capacity 4588K, committed 4864K, reserved 1056768K
  class space    used 337K, capacity 424K, committed 512K, reserved 1048576K
Event: 0,733 GC heap after
Heap after GC invocations=3 (full 0):
 PSYoungGen      total 1536K, used 496K [0x00000000ec400000, 0x00000000ec700000, 0x0000000100000000)
  eden space 1024K, 0% used [0x00000000ec400000,0x00000000ec400000,0x00000000ec500000)
  from space 512K, 96% used [0x00000000ec500000,0x00000000ec57c010,0x00000000ec580000)
  to   space 512K, 0% used [0x00000000ec680000,0x00000000ec680000,0x00000000ec700000)
 ParOldGen       total 59904K, used 310K [0x00000000c4c00000, 0x00000000c8680000, 0x00000000ec400000)
  object space 59904K, 0% used [0x00000000c4c00000,0x00000000c4c4db58,0x00000000c8680000)
 Metaspace       used 3059K, capacity 4588K, committed 4864K, reserved 1056768K
  class space    used 337K, capacity 424K, committed 512K, reserved 1048576K
}
Event: 0,927 GC heap before
{Heap before GC invocations=4 (full 0):
 PSYoungGen      total 1536K, used 1520K [0x00000000ec400000, 0x00000000ec700000, 0x0000000100000000)
  eden space 1024K, 100% used [0x00000000ec400000,0x00000000ec500000,0x00000000ec500000)
  from space 512K, 96% used [0x00000000ec500000,0x00000000ec57c010,0x00000000ec580000)
  to   space 512K, 0% used [0x00000000ec680000,0x00000000ec680000,0x00000000ec700000)
 ParOldGen       total 59904K, used 310K [0x00000000c4c00000, 0x00000000c8680000, 0x00000000ec400000)
  object space 59904K, 0% used [0x00000000c4c00000,0x00000000c4c4db58,0x00000000c8680000)
 Metaspace       used 3548K, capacity 4780K, committed 5120K, reserved 1056768K
  class space    used 392K, capacity 424K, committed 512K, reserved 1048576K
Event: 0,942 GC heap after
Heap after GC invocations=4 (full 0):
 PSYoungGen      total 2560K, used 496K [0x00000000ec400000, 0x00000000ec700000, 0x0000000100000000)
  eden space 2048K, 0% used [0x00000000ec400000,0x00000000ec400000,0x00000000ec600000)
  from space 512K, 96% used [0x00000000ec680000,0x00000000ec6fc010,0x00000000ec700000)
  to   space 512K, 0% used [0x00000000ec600000,0x00000000ec600000,0x00000000ec680000)
 ParOldGen       total 59904K, used 550K [0x00000000c4c00000, 0x00000000c8680000, 0x00000000ec400000)
  object space 59904K, 0% used [0x00000000c4c00000,0x00000000c4c89a60,0x00000000c8680000)
 Metaspace       used 3548K, capacity 4780K, committed 5120K, reserved 1056768K
  class space    used 392K, capacity 424K, committed 512K, reserved 1048576K
}
Event: 1,206 GC heap before
{Heap before GC invocations=5 (full 0):
 PSYoungGen      total 2560K, used 2540K [0x00000000ec400000, 0x00000000ec700000, 0x0000000100000000)
  eden space 2048K, 99% used [0x00000000ec400000,0x00000000ec5ff200,0x00000000ec600000)
  from space 512K, 96% used [0x00000000ec680000,0x00000000ec6fc010,0x00000000ec700000)
  to   space 512K, 0% used [0x00000000ec600000,0x00000000ec600000,0x00000000ec680000)
 ParOldGen       total 59904K, used 550K [0x00000000c4c00000, 0x00000000c8680000, 0x00000000ec400000)
  object space 59904K, 0% used [0x00000000c4c00000,0x00000000c4c89a60,0x00000000c8680000)
 Metaspace       used 4892K, capacity 5140K, committed 5248K, reserved 1056768K
  class space    used 567K, capacity 592K, committed 640K, reserved 1048576K
Event: 1,232 GC heap after
Heap after GC invocations=5 (full 0):
 PSYoungGen      total 2560K, used 480K [0x00000000ec400000, 0x00000000ecb00000, 0x0000000100000000)
  eden space 2048K, 0% used [0x00000000ec400000,0x00000000ec400000,0x00000000ec600000)
  from space 512K, 93% used [0x00000000ec600000,0x00000000ec678020,0x00000000ec680000)
  to   space 1536K, 0% used [0x00000000ec980000,0x00000000ec980000,0x00000000ecb00000)
 ParOldGen       total 59904K, used 1162K [0x00000000c4c00000, 0x00000000c8680000, 0x00000000ec400000)
  object space 59904K, 1% used [0x00000000c4c00000,0x00000000c4d22bc8,0x00000000c8680000)
 Metaspace       used 4892K, capacity 5140K, committed 5248K, reserved 1056768K
  class space    used 567K, capacity 592K, committed 640K, reserved 1048576K
}
Event: 1,409 GC heap before
{Heap before GC invocations=6 (full 0):
 PSYoungGen      total 2560K, used 2528K [0x00000000ec400000, 0x00000000ecb00000, 0x0000000100000000)
  eden space 2048K, 100% used [0x00000000ec400000,0x00000000ec600000,0x00000000ec600000)
  from space 512K, 93% used [0x00000000ec600000,0x00000000ec678020,0x00000000ec680000)
  to   space 1536K, 0% used [0x00000000ec980000,0x00000000ec980000,0x00000000ecb00000)
 ParOldGen       total 59904K, used 1162K [0x00000000c4c00000, 0x00000000c8680000, 0x00000000ec400000)
  object space 59904K, 1% used [0x00000000c4c00000,0x00000000c4d22bc8,0x00000000c8680000)
 Metaspace       used 5312K, capacity 5492K, committed 5632K, reserved 1056768K
  class space    used 646K, capacity 688K, committed 768K, reserved 1048576K
Event: 1,424 GC heap after
Heap after GC invocations=6 (full 0):
 PSYoungGen      total 5632K, used 880K [0x00000000ec400000, 0x00000000ecb00000, 0x0000000100000000)
  eden space 4096K, 0% used [0x00000000ec400000,0x00000000ec400000,0x00000000ec800000)
  from space 1536K, 57% used [0x00000000ec980000,0x00000000eca5c010,0x00000000ecb00000)
  to   space 1536K, 0% used [0x00000000ec800000,0x00000000ec800000,0x00000000ec980000)
 ParOldGen       total 59904K, used 1162K [0x00000000c4c00000, 0x00000000c8680000, 0x00000000ec400000)
  object space 59904K, 1% used [0x00000000c4c00000,0x00000000c4d22bc8,0x00000000c8680000)
 Metaspace       used 5312K, capacity 5492K, committed 5632K, reserved 1056768K
  class space    used 646K, capacity 688K, committed 768K, reserved 1048576K
}

